<?xml version="1.0" encoding="UTF-8"?>
<testsuite xmlns:xsi="http://www.w3.org/2001/XMLSchema-instance" xsi:noNamespaceSchemaLocation="https://maven.apache.org/surefire/maven-surefire-plugin/xsd/surefire-test-report.xsd" name="com.trilha03.core.listeners.SimpleResourceListenerTest" time="0" tests="1" errors="0" skipped="0" failures="0">
  <properties>
    <property name="sun.desktop" value="gnome"/>
    <property name="awt.toolkit" value="sun.awt.X11.XToolkit"/>
    <property name="java.specification.version" value="11"/>
    <property name="sun.cpu.isalist" value=""/>
    <property name="sun.jnu.encoding" value="UTF-8"/>
    <property name="java.class.path" value="/home/wbj-000244/.m2/repository/org/apache/maven/surefire/surefire-booter/2.22.1/surefire-booter-2.22.1.jar:/home/wbj-000244/.m2/repository/org/apache/maven/surefire/surefire-api/2.22.1/surefire-api-2.22.1.jar:/home/wbj-000244/.m2/repository/org/apache/maven/surefire/surefire-logger-api/2.22.1/surefire-logger-api-2.22.1.jar:/home/wbj-000244/aemprojects/trilha_03/core/target/test-classes:/home/wbj-000244/aemprojects/trilha_03/core/target/classes:/home/wbj-000244/.m2/repository/uk/org/lidalia/slf4j-test/1.0.1/slf4j-test-1.0.1.jar:/home/wbj-000244/.m2/repository/uk/org/lidalia/lidalia-lang/1.0.0/lidalia-lang-1.0.0.jar:/home/wbj-000244/.m2/repository/org/apache/commons/commons-lang3/3.1/commons-lang3-3.1.jar:/home/wbj-000244/.m2/repository/com/google/guava/guava/14.0.1/guava-14.0.1.jar:/home/wbj-000244/.m2/repository/uk/org/lidalia/lidalia-slf4j-ext/1.0.0/lidalia-slf4j-ext-1.0.0.jar:/home/wbj-000244/.m2/repository/joda-time/joda-time/2.2/joda-time-2.2.jar:/home/wbj-000244/.m2/repository/org/osgi/org.osgi.annotation.versioning/1.1.0/org.osgi.annotation.versioning-1.1.0.jar:/home/wbj-000244/.m2/repository/org/osgi/org.osgi.annotation.bundle/1.0.0/org.osgi.annotation.bundle-1.0.0.jar:/home/wbj-000244/.m2/repository/org/osgi/org.osgi.service.metatype.annotations/1.4.0/org.osgi.service.metatype.annotations-1.4.0.jar:/home/wbj-000244/.m2/repository/org/osgi/org.osgi.service.component.annotations/1.4.0/org.osgi.service.component.annotations-1.4.0.jar:/home/wbj-000244/.m2/repository/org/osgi/org.osgi.service.component/1.4.0/org.osgi.service.component-1.4.0.jar:/home/wbj-000244/.m2/repository/org/osgi/org.osgi.service.cm/1.6.0/org.osgi.service.cm-1.6.0.jar:/home/wbj-000244/.m2/repository/org/osgi/org.osgi.service.event/1.3.1/org.osgi.service.event-1.3.1.jar:/home/wbj-000244/.m2/repository/org/osgi/org.osgi.service.log/1.4.0/org.osgi.service.log-1.4.0.jar:/home/wbj-000244/.m2/repository/org/osgi/org.osgi.framework/1.9.0/org.osgi.framework-1.9.0.jar:/home/wbj-000244/.m2/repository/org/osgi/org.osgi.resource/1.0.0/org.osgi.resource-1.0.0.jar:/home/wbj-000244/.m2/repository/org/osgi/org.osgi.util.tracker/1.5.1/org.osgi.util.tracker-1.5.1.jar:/home/wbj-000244/.m2/repository/org/slf4j/slf4j-api/1.7.21/slf4j-api-1.7.21.jar:/home/wbj-000244/.m2/repository/javax/jcr/jcr/2.0/jcr-2.0.jar:/home/wbj-000244/.m2/repository/javax/servlet/javax.servlet-api/3.1.0/javax.servlet-api-3.1.0.jar:/home/wbj-000244/.m2/repository/javax/annotation/javax.annotation-api/1.3.2/javax.annotation-api-1.3.2.jar:/home/wbj-000244/.m2/repository/org/apache/sling/org.apache.sling.servlets.annotations/1.2.4/org.apache.sling.servlets.annotations-1.2.4.jar:/home/wbj-000244/.m2/repository/com/adobe/aem/uber-jar/6.5.7/uber-jar-6.5.7.jar:/home/wbj-000244/.m2/repository/com/adobe/cq/core.wcm.components.core/2.22.12/core.wcm.components.core-2.22.12.jar:/home/wbj-000244/.m2/repository/org/jsoup/jsoup/1.15.3/jsoup-1.15.3.jar:/home/wbj-000244/.m2/repository/org/apache/sling/org.apache.sling.models.api/1.3.6/org.apache.sling.models.api-1.3.6.jar:/home/wbj-000244/.m2/repository/org/junit/jupiter/junit-jupiter/5.8.2/junit-jupiter-5.8.2.jar:/home/wbj-000244/.m2/repository/org/junit/jupiter/junit-jupiter-api/5.8.2/junit-jupiter-api-5.8.2.jar:/home/wbj-000244/.m2/repository/org/opentest4j/opentest4j/1.2.0/opentest4j-1.2.0.jar:/home/wbj-000244/.m2/repository/org/junit/platform/junit-platform-commons/1.8.2/junit-platform-commons-1.8.2.jar:/home/wbj-000244/.m2/repository/org/apiguardian/apiguardian-api/1.1.2/apiguardian-api-1.1.2.jar:/home/wbj-000244/.m2/repository/org/junit/jupiter/junit-jupiter-params/5.8.2/junit-jupiter-params-5.8.2.jar:/home/wbj-000244/.m2/repository/org/junit/jupiter/junit-jupiter-engine/5.8.2/junit-jupiter-engine-5.8.2.jar:/home/wbj-000244/.m2/repository/org/junit/platform/junit-platform-engine/1.8.2/junit-platform-engine-1.8.2.jar:/home/wbj-000244/.m2/repository/org/mockito/mockito-core/4.1.0/mockito-core-4.1.0.jar:/home/wbj-000244/.m2/repository/net/bytebuddy/byte-buddy/1.12.1/byte-buddy-1.12.1.jar:/home/wbj-000244/.m2/repository/net/bytebuddy/byte-buddy-agent/1.12.1/byte-buddy-agent-1.12.1.jar:/home/wbj-000244/.m2/repository/org/objenesis/objenesis/3.2/objenesis-3.2.jar:/home/wbj-000244/.m2/repository/org/mockito/mockito-junit-jupiter/4.1.0/mockito-junit-jupiter-4.1.0.jar:/home/wbj-000244/.m2/repository/junit-addons/junit-addons/1.4/junit-addons-1.4.jar:/home/wbj-000244/.m2/repository/junit/junit/3.8.1/junit-3.8.1.jar:/home/wbj-000244/.m2/repository/xerces/xercesImpl/2.6.2/xercesImpl-2.6.2.jar:/home/wbj-000244/.m2/repository/xerces/xmlParserAPIs/2.6.2/xmlParserAPIs-2.6.2.jar:/home/wbj-000244/.m2/repository/io/wcm/io.wcm.testing.aem-mock.junit5/5.1.2/io.wcm.testing.aem-mock.junit5-5.1.2.jar:/home/wbj-000244/.m2/repository/io/wcm/io.wcm.testing.aem-mock.core/5.1.2/io.wcm.testing.aem-mock.core-5.1.2.jar:/home/wbj-000244/.m2/repository/org/apache/sling/org.apache.sling.api/2.22.0/org.apache.sling.api-2.22.0.jar:/home/wbj-000244/.m2/repository/org/jetbrains/annotations/16.0.2/annotations-16.0.2.jar:/home/wbj-000244/.m2/repository/org/apache/jackrabbit/jackrabbit-jcr-commons/2.20.1/jackrabbit-jcr-commons-2.20.1.jar:/home/wbj-000244/.m2/repository/org/apache/sling/org.apache.sling.commons.osgi/2.4.0/org.apache.sling.commons.osgi-2.4.0.jar:/home/wbj-000244/.m2/repository/org/apache/sling/org.apache.sling.resourceresolver/1.7.0/org.apache.sling.resourceresolver-1.7.0.jar:/home/wbj-000244/.m2/repository/org/apache/sling/org.apache.sling.serviceusermapper/1.4.4/org.apache.sling.serviceusermapper-1.4.4.jar:/home/wbj-000244/.m2/repository/org/apache/sling/org.apache.sling.jcr.api/2.4.0/org.apache.sling.jcr.api-2.4.0.jar:/home/wbj-000244/.m2/repository/org/apache/sling/org.apache.sling.jcr.resource/3.0.18/org.apache.sling.jcr.resource-3.0.18.jar:/home/wbj-000244/.m2/repository/org/apache/sling/org.apache.sling.commons.mime/2.2.2/org.apache.sling.commons.mime-2.2.2.jar:/home/wbj-000244/.m2/repository/org/apache/sling/org.apache.sling.commons.json/2.0.20/org.apache.sling.commons.json-2.0.20.jar:/home/wbj-000244/.m2/repository/org/apache/sling/org.apache.sling.commons.classloader/1.4.2/org.apache.sling.commons.classloader-1.4.2.jar:/home/wbj-000244/.m2/repository/org/apache/sling/org.apache.sling.settings/1.3.10/org.apache.sling.settings-1.3.10.jar:/home/wbj-000244/.m2/repository/org/apache/sling/org.apache.sling.i18n/2.5.14/org.apache.sling.i18n-2.5.14.jar:/home/wbj-000244/.m2/repository/org/apache/sling/org.apache.sling.testing.jcr-mock/1.6.0/org.apache.sling.testing.jcr-mock-1.6.0.jar:/home/wbj-000244/.m2/repository/org/apache/jackrabbit/oak-jackrabbit-api/1.22.5/oak-jackrabbit-api-1.22.5.jar:/home/wbj-000244/.m2/repository/org/apache/commons/commons-collections4/4.2/commons-collections4-4.2.jar:/home/wbj-000244/.m2/repository/org/apache/sling/org.apache.sling.testing.osgi-mock.core/3.3.4/org.apache.sling.testing.osgi-mock.core-3.3.4.jar:/home/wbj-000244/.m2/repository/commons-io/commons-io/2.6/commons-io-2.6.jar:/home/wbj-000244/.m2/repository/org/reflections/reflections/0.10.2/reflections-0.10.2.jar:/home/wbj-000244/.m2/repository/org/javassist/javassist/3.28.0-GA/javassist-3.28.0-GA.jar:/home/wbj-000244/.m2/repository/org/apache/sling/org.apache.sling.testing.sling-mock.core/3.4.2/org.apache.sling.testing.sling-mock.core-3.4.2.jar:/home/wbj-000244/.m2/repository/org/apache/sling/org.apache.sling.resourcebuilder/1.0.4/org.apache.sling.resourcebuilder-1.0.4.jar:/home/wbj-000244/.m2/repository/org/osgi/org.osgi.util.converter/1.0.0/org.osgi.util.converter-1.0.0.jar:/home/wbj-000244/.m2/repository/org/osgi/org.osgi.util.function/1.1.0/org.osgi.util.function-1.1.0.jar:/home/wbj-000244/.m2/repository/org/apache/sling/org.apache.sling.scripting.core/2.3.2/org.apache.sling.scripting.core-2.3.2.jar:/home/wbj-000244/.m2/repository/org/apache/felix/org.apache.felix.utils/1.9.0/org.apache.felix.utils-1.9.0.jar:/home/wbj-000244/.m2/repository/org/apache/johnzon/johnzon-core/1.1.1/johnzon-core-1.1.1.jar:/home/wbj-000244/.m2/repository/org/apache/sling/org.apache.sling.adapter/2.1.10/org.apache.sling.adapter-2.1.10.jar:/home/wbj-000244/.m2/repository/org/apache/sling/org.apache.sling.featureflags/1.2.2/org.apache.sling.featureflags-1.2.2.jar:/home/wbj-000244/.m2/repository/org/apache/jackrabbit/oak-jcr/1.22.5/oak-jcr-1.22.5.jar:/home/wbj-000244/.m2/repository/org/apache/jackrabbit/oak-api/1.22.5/oak-api-1.22.5.jar:/home/wbj-000244/.m2/repository/org/apache/jackrabbit/oak-core-spi/1.22.5/oak-core-spi-1.22.5.jar:/home/wbj-000244/.m2/repository/org/apache/jackrabbit/oak-store-spi/1.22.5/oak-store-spi-1.22.5.jar:/home/wbj-000244/.m2/repository/org/apache/jackrabbit/oak-query-spi/1.22.5/oak-query-spi-1.22.5.jar:/home/wbj-000244/.m2/repository/org/apache/jackrabbit/oak-security-spi/1.22.5/oak-security-spi-1.22.5.jar:/home/wbj-000244/.m2/repository/org/apache/jackrabbit/oak-core/1.22.5/oak-core-1.22.5.jar:/home/wbj-000244/.m2/repository/org/apache/jackrabbit/oak-blob-plugins/1.22.5/oak-blob-plugins-1.22.5.jar:/home/wbj-000244/.m2/repository/org/apache/jackrabbit/jackrabbit-data/2.20.1/jackrabbit-data-2.20.1.jar:/home/wbj-000244/.m2/repository/org/apache/jackrabbit/oak-blob/1.22.5/oak-blob-1.22.5.jar:/home/wbj-000244/.m2/repository/commons-codec/commons-codec/1.14/commons-codec-1.14.jar:/home/wbj-000244/.m2/repository/org/apache/jackrabbit/oak-commons/1.22.5/oak-commons-1.22.5.jar:/home/wbj-000244/.m2/repository/commons-collections/commons-collections/3.2.2/commons-collections-3.2.2.jar:/home/wbj-000244/.m2/repository/commons-lang/commons-lang/2.6/commons-lang-2.6.jar:/home/wbj-000244/.m2/repository/org/apache/sling/org.apache.sling.contentparser.api/2.0.0/org.apache.sling.contentparser.api-2.0.0.jar:/home/wbj-000244/.m2/repository/org/apache/sling/org.apache.sling.contentparser.json/2.0.0/org.apache.sling.contentparser.json-2.0.0.jar:/home/wbj-000244/.m2/repository/org/apache/sling/org.apache.sling.contentparser.xml-jcr/2.0.0/org.apache.sling.contentparser.xml-jcr-2.0.0.jar:/home/wbj-000244/.m2/repository/org/apache/sling/org.apache.sling.fsresource/2.2.0/org.apache.sling.fsresource-2.2.0.jar:/home/wbj-000244/.m2/repository/org/apache/geronimo/specs/geronimo-atinject_1.0_spec/1.0/geronimo-atinject_1.0_spec-1.0.jar:/home/wbj-000244/.m2/repository/org/apache/geronimo/specs/geronimo-json_1.1_spec/1.0/geronimo-json_1.1_spec-1.0.jar:/home/wbj-000244/.m2/repository/org/apache/sling/org.apache.sling.testing.resourceresolver-mock/1.4.0/org.apache.sling.testing.resourceresolver-mock-1.4.0.jar:/home/wbj-000244/.m2/repository/org/apache/sling/org.apache.sling.servlet-helpers/1.4.2/org.apache.sling.servlet-helpers-1.4.2.jar:/home/wbj-000244/.m2/repository/org/apache/jackrabbit/vault/org.apache.jackrabbit.vault/3.2.8/org.apache.jackrabbit.vault-3.2.8.jar:/home/wbj-000244/.m2/repository/org/apache/commons/commons-imaging/1.0-alpha1/commons-imaging-1.0-alpha1.jar:/home/wbj-000244/.m2/repository/javax/servlet/jsp/jsp-api/2.1/jsp-api-2.1.jar:/home/wbj-000244/.m2/repository/com/day/commons/day-commons-gfx/2.1.28/day-commons-gfx-2.1.28.jar:/home/wbj-000244/.m2/repository/com/day/commons/day-commons-any/2.0.0/day-commons-any-2.0.0.jar:/home/wbj-000244/.m2/repository/com/day/commons/day-commons-text/1.1.3/day-commons-text-1.1.3.jar:/home/wbj-000244/.m2/repository/org/apache/sling/org.apache.sling.testing.hamcrest/1.0.2/org.apache.sling.testing.hamcrest-1.0.2.jar:/home/wbj-000244/.m2/repository/org/hamcrest/hamcrest-library/1.3/hamcrest-library-1.3.jar:/home/wbj-000244/.m2/repository/org/hamcrest/hamcrest-core/1.3/hamcrest-core-1.3.jar:/home/wbj-000244/.m2/repository/org/apache/sling/org.apache.sling.xss/2.2.6/org.apache.sling.xss-2.2.6.jar:/home/wbj-000244/.m2/repository/org/apache/sling/org.apache.sling.testing.caconfig-mock-plugin/1.4.0/org.apache.sling.testing.caconfig-mock-plugin-1.4.0.jar:/home/wbj-000244/.m2/repository/org/apache/sling/org.apache.sling.caconfig.api/1.1.0/org.apache.sling.caconfig.api-1.1.0.jar:/home/wbj-000244/.m2/repository/org/apache/sling/org.apache.sling.caconfig.spi/1.3.0/org.apache.sling.caconfig.spi-1.3.0.jar:/home/wbj-000244/.m2/repository/org/apache/sling/org.apache.sling.caconfig.impl/1.4.0/org.apache.sling.caconfig.impl-1.4.0.jar:/home/wbj-000244/.m2/repository/com/adobe/cq/core.wcm.components.testing.aem-mock-plugin/2.22.12/core.wcm.components.testing.aem-mock-plugin-2.22.12.jar:/home/wbj-000244/.m2/repository/org/apache/sling/org.apache.sling.models.impl/1.4.4/org.apache.sling.models.impl-1.4.4.jar:/home/wbj-000244/.m2/repository/commons-beanutils/commons-beanutils/1.8.3/commons-beanutils-1.8.3.jar:/home/wbj-000244/.m2/repository/commons-logging/commons-logging/1.1.1/commons-logging-1.1.1.jar:/home/wbj-000244/.m2/repository/org/apache/maven/surefire/surefire-junit-platform/2.22.1/surefire-junit-platform-2.22.1.jar:/home/wbj-000244/.m2/repository/org/junit/platform/junit-platform-launcher/1.3.1/junit-platform-launcher-1.3.1.jar"/>
    <property name="java.vm.vendor" value="Oracle Corporation"/>
    <property name="sun.arch.data.model" value="64"/>
    <property name="java.vendor.url" value="https://openjdk.java.net/"/>
    <property name="user.timezone" value=""/>
    <property name="user.country.format" value="BR"/>
    <property name="java.vm.specification.version" value="11"/>
    <property name="os.name" value="Linux"/>
    <property name="sun.java.launcher" value="SUN_STANDARD"/>
    <property name="user.country" value="US"/>
    <property name="sun.boot.library.path" value="/home/wbj-000244/.sdkman/candidates/java/11.0.12-open/lib"/>
    <property name="sun.java.command" value="org.apache.maven.surefire.booter.ForkedBooter /home/wbj-000244/aemprojects/trilha_03/core/target/surefire 2023-12-06T15-03-20_137-jvmRun1 surefire9248328747220322637tmp surefire_06960082317285553530tmp"/>
    <property name="jdk.debug" value="release"/>
    <property name="surefire.test.class.path" value="/home/wbj-000244/aemprojects/trilha_03/core/target/test-classes:/home/wbj-000244/aemprojects/trilha_03/core/target/classes:/home/wbj-000244/.m2/repository/uk/org/lidalia/slf4j-test/1.0.1/slf4j-test-1.0.1.jar:/home/wbj-000244/.m2/repository/uk/org/lidalia/lidalia-lang/1.0.0/lidalia-lang-1.0.0.jar:/home/wbj-000244/.m2/repository/org/apache/commons/commons-lang3/3.1/commons-lang3-3.1.jar:/home/wbj-000244/.m2/repository/com/google/guava/guava/14.0.1/guava-14.0.1.jar:/home/wbj-000244/.m2/repository/uk/org/lidalia/lidalia-slf4j-ext/1.0.0/lidalia-slf4j-ext-1.0.0.jar:/home/wbj-000244/.m2/repository/joda-time/joda-time/2.2/joda-time-2.2.jar:/home/wbj-000244/.m2/repository/org/osgi/org.osgi.annotation.versioning/1.1.0/org.osgi.annotation.versioning-1.1.0.jar:/home/wbj-000244/.m2/repository/org/osgi/org.osgi.annotation.bundle/1.0.0/org.osgi.annotation.bundle-1.0.0.jar:/home/wbj-000244/.m2/repository/org/osgi/org.osgi.service.metatype.annotations/1.4.0/org.osgi.service.metatype.annotations-1.4.0.jar:/home/wbj-000244/.m2/repository/org/osgi/org.osgi.service.component.annotations/1.4.0/org.osgi.service.component.annotations-1.4.0.jar:/home/wbj-000244/.m2/repository/org/osgi/org.osgi.service.component/1.4.0/org.osgi.service.component-1.4.0.jar:/home/wbj-000244/.m2/repository/org/osgi/org.osgi.service.cm/1.6.0/org.osgi.service.cm-1.6.0.jar:/home/wbj-000244/.m2/repository/org/osgi/org.osgi.service.event/1.3.1/org.osgi.service.event-1.3.1.jar:/home/wbj-000244/.m2/repository/org/osgi/org.osgi.service.log/1.4.0/org.osgi.service.log-1.4.0.jar:/home/wbj-000244/.m2/repository/org/osgi/org.osgi.framework/1.9.0/org.osgi.framework-1.9.0.jar:/home/wbj-000244/.m2/repository/org/osgi/org.osgi.resource/1.0.0/org.osgi.resource-1.0.0.jar:/home/wbj-000244/.m2/repository/org/osgi/org.osgi.util.tracker/1.5.1/org.osgi.util.tracker-1.5.1.jar:/home/wbj-000244/.m2/repository/org/slf4j/slf4j-api/1.7.21/slf4j-api-1.7.21.jar:/home/wbj-000244/.m2/repository/javax/jcr/jcr/2.0/jcr-2.0.jar:/home/wbj-000244/.m2/repository/javax/servlet/javax.servlet-api/3.1.0/javax.servlet-api-3.1.0.jar:/home/wbj-000244/.m2/repository/javax/annotation/javax.annotation-api/1.3.2/javax.annotation-api-1.3.2.jar:/home/wbj-000244/.m2/repository/org/apache/sling/org.apache.sling.servlets.annotations/1.2.4/org.apache.sling.servlets.annotations-1.2.4.jar:/home/wbj-000244/.m2/repository/com/adobe/aem/uber-jar/6.5.7/uber-jar-6.5.7.jar:/home/wbj-000244/.m2/repository/com/adobe/cq/core.wcm.components.core/2.22.12/core.wcm.components.core-2.22.12.jar:/home/wbj-000244/.m2/repository/org/jsoup/jsoup/1.15.3/jsoup-1.15.3.jar:/home/wbj-000244/.m2/repository/org/apache/sling/org.apache.sling.models.api/1.3.6/org.apache.sling.models.api-1.3.6.jar:/home/wbj-000244/.m2/repository/org/junit/jupiter/junit-jupiter/5.8.2/junit-jupiter-5.8.2.jar:/home/wbj-000244/.m2/repository/org/junit/jupiter/junit-jupiter-api/5.8.2/junit-jupiter-api-5.8.2.jar:/home/wbj-000244/.m2/repository/org/opentest4j/opentest4j/1.2.0/opentest4j-1.2.0.jar:/home/wbj-000244/.m2/repository/org/junit/platform/junit-platform-commons/1.8.2/junit-platform-commons-1.8.2.jar:/home/wbj-000244/.m2/repository/org/apiguardian/apiguardian-api/1.1.2/apiguardian-api-1.1.2.jar:/home/wbj-000244/.m2/repository/org/junit/jupiter/junit-jupiter-params/5.8.2/junit-jupiter-params-5.8.2.jar:/home/wbj-000244/.m2/repository/org/junit/jupiter/junit-jupiter-engine/5.8.2/junit-jupiter-engine-5.8.2.jar:/home/wbj-000244/.m2/repository/org/junit/platform/junit-platform-engine/1.8.2/junit-platform-engine-1.8.2.jar:/home/wbj-000244/.m2/repository/org/mockito/mockito-core/4.1.0/mockito-core-4.1.0.jar:/home/wbj-000244/.m2/repository/net/bytebuddy/byte-buddy/1.12.1/byte-buddy-1.12.1.jar:/home/wbj-000244/.m2/repository/net/bytebuddy/byte-buddy-agent/1.12.1/byte-buddy-agent-1.12.1.jar:/home/wbj-000244/.m2/repository/org/objenesis/objenesis/3.2/objenesis-3.2.jar:/home/wbj-000244/.m2/repository/org/mockito/mockito-junit-jupiter/4.1.0/mockito-junit-jupiter-4.1.0.jar:/home/wbj-000244/.m2/repository/junit-addons/junit-addons/1.4/junit-addons-1.4.jar:/home/wbj-000244/.m2/repository/junit/junit/3.8.1/junit-3.8.1.jar:/home/wbj-000244/.m2/repository/xerces/xercesImpl/2.6.2/xercesImpl-2.6.2.jar:/home/wbj-000244/.m2/repository/xerces/xmlParserAPIs/2.6.2/xmlParserAPIs-2.6.2.jar:/home/wbj-000244/.m2/repository/io/wcm/io.wcm.testing.aem-mock.junit5/5.1.2/io.wcm.testing.aem-mock.junit5-5.1.2.jar:/home/wbj-000244/.m2/repository/io/wcm/io.wcm.testing.aem-mock.core/5.1.2/io.wcm.testing.aem-mock.core-5.1.2.jar:/home/wbj-000244/.m2/repository/org/apache/sling/org.apache.sling.api/2.22.0/org.apache.sling.api-2.22.0.jar:/home/wbj-000244/.m2/repository/org/jetbrains/annotations/16.0.2/annotations-16.0.2.jar:/home/wbj-000244/.m2/repository/org/apache/jackrabbit/jackrabbit-jcr-commons/2.20.1/jackrabbit-jcr-commons-2.20.1.jar:/home/wbj-000244/.m2/repository/org/apache/sling/org.apache.sling.commons.osgi/2.4.0/org.apache.sling.commons.osgi-2.4.0.jar:/home/wbj-000244/.m2/repository/org/apache/sling/org.apache.sling.resourceresolver/1.7.0/org.apache.sling.resourceresolver-1.7.0.jar:/home/wbj-000244/.m2/repository/org/apache/sling/org.apache.sling.serviceusermapper/1.4.4/org.apache.sling.serviceusermapper-1.4.4.jar:/home/wbj-000244/.m2/repository/org/apache/sling/org.apache.sling.jcr.api/2.4.0/org.apache.sling.jcr.api-2.4.0.jar:/home/wbj-000244/.m2/repository/org/apache/sling/org.apache.sling.jcr.resource/3.0.18/org.apache.sling.jcr.resource-3.0.18.jar:/home/wbj-000244/.m2/repository/org/apache/sling/org.apache.sling.commons.mime/2.2.2/org.apache.sling.commons.mime-2.2.2.jar:/home/wbj-000244/.m2/repository/org/apache/sling/org.apache.sling.commons.json/2.0.20/org.apache.sling.commons.json-2.0.20.jar:/home/wbj-000244/.m2/repository/org/apache/sling/org.apache.sling.commons.classloader/1.4.2/org.apache.sling.commons.classloader-1.4.2.jar:/home/wbj-000244/.m2/repository/org/apache/sling/org.apache.sling.settings/1.3.10/org.apache.sling.settings-1.3.10.jar:/home/wbj-000244/.m2/repository/org/apache/sling/org.apache.sling.i18n/2.5.14/org.apache.sling.i18n-2.5.14.jar:/home/wbj-000244/.m2/repository/org/apache/sling/org.apache.sling.testing.jcr-mock/1.6.0/org.apache.sling.testing.jcr-mock-1.6.0.jar:/home/wbj-000244/.m2/repository/org/apache/jackrabbit/oak-jackrabbit-api/1.22.5/oak-jackrabbit-api-1.22.5.jar:/home/wbj-000244/.m2/repository/org/apache/commons/commons-collections4/4.2/commons-collections4-4.2.jar:/home/wbj-000244/.m2/repository/org/apache/sling/org.apache.sling.testing.osgi-mock.core/3.3.4/org.apache.sling.testing.osgi-mock.core-3.3.4.jar:/home/wbj-000244/.m2/repository/commons-io/commons-io/2.6/commons-io-2.6.jar:/home/wbj-000244/.m2/repository/org/reflections/reflections/0.10.2/reflections-0.10.2.jar:/home/wbj-000244/.m2/repository/org/javassist/javassist/3.28.0-GA/javassist-3.28.0-GA.jar:/home/wbj-000244/.m2/repository/org/apache/sling/org.apache.sling.testing.sling-mock.core/3.4.2/org.apache.sling.testing.sling-mock.core-3.4.2.jar:/home/wbj-000244/.m2/repository/org/apache/sling/org.apache.sling.resourcebuilder/1.0.4/org.apache.sling.resourcebuilder-1.0.4.jar:/home/wbj-000244/.m2/repository/org/osgi/org.osgi.util.converter/1.0.0/org.osgi.util.converter-1.0.0.jar:/home/wbj-000244/.m2/repository/org/osgi/org.osgi.util.function/1.1.0/org.osgi.util.function-1.1.0.jar:/home/wbj-000244/.m2/repository/org/apache/sling/org.apache.sling.scripting.core/2.3.2/org.apache.sling.scripting.core-2.3.2.jar:/home/wbj-000244/.m2/repository/org/apache/felix/org.apache.felix.utils/1.9.0/org.apache.felix.utils-1.9.0.jar:/home/wbj-000244/.m2/repository/org/apache/johnzon/johnzon-core/1.1.1/johnzon-core-1.1.1.jar:/home/wbj-000244/.m2/repository/org/apache/sling/org.apache.sling.adapter/2.1.10/org.apache.sling.adapter-2.1.10.jar:/home/wbj-000244/.m2/repository/org/apache/sling/org.apache.sling.featureflags/1.2.2/org.apache.sling.featureflags-1.2.2.jar:/home/wbj-000244/.m2/repository/org/apache/jackrabbit/oak-jcr/1.22.5/oak-jcr-1.22.5.jar:/home/wbj-000244/.m2/repository/org/apache/jackrabbit/oak-api/1.22.5/oak-api-1.22.5.jar:/home/wbj-000244/.m2/repository/org/apache/jackrabbit/oak-core-spi/1.22.5/oak-core-spi-1.22.5.jar:/home/wbj-000244/.m2/repository/org/apache/jackrabbit/oak-store-spi/1.22.5/oak-store-spi-1.22.5.jar:/home/wbj-000244/.m2/repository/org/apache/jackrabbit/oak-query-spi/1.22.5/oak-query-spi-1.22.5.jar:/home/wbj-000244/.m2/repository/org/apache/jackrabbit/oak-security-spi/1.22.5/oak-security-spi-1.22.5.jar:/home/wbj-000244/.m2/repository/org/apache/jackrabbit/oak-core/1.22.5/oak-core-1.22.5.jar:/home/wbj-000244/.m2/repository/org/apache/jackrabbit/oak-blob-plugins/1.22.5/oak-blob-plugins-1.22.5.jar:/home/wbj-000244/.m2/repository/org/apache/jackrabbit/jackrabbit-data/2.20.1/jackrabbit-data-2.20.1.jar:/home/wbj-000244/.m2/repository/org/apache/jackrabbit/oak-blob/1.22.5/oak-blob-1.22.5.jar:/home/wbj-000244/.m2/repository/commons-codec/commons-codec/1.14/commons-codec-1.14.jar:/home/wbj-000244/.m2/repository/org/apache/jackrabbit/oak-commons/1.22.5/oak-commons-1.22.5.jar:/home/wbj-000244/.m2/repository/commons-collections/commons-collections/3.2.2/commons-collections-3.2.2.jar:/home/wbj-000244/.m2/repository/commons-lang/commons-lang/2.6/commons-lang-2.6.jar:/home/wbj-000244/.m2/repository/org/apache/sling/org.apache.sling.contentparser.api/2.0.0/org.apache.sling.contentparser.api-2.0.0.jar:/home/wbj-000244/.m2/repository/org/apache/sling/org.apache.sling.contentparser.json/2.0.0/org.apache.sling.contentparser.json-2.0.0.jar:/home/wbj-000244/.m2/repository/org/apache/sling/org.apache.sling.contentparser.xml-jcr/2.0.0/org.apache.sling.contentparser.xml-jcr-2.0.0.jar:/home/wbj-000244/.m2/repository/org/apache/sling/org.apache.sling.fsresource/2.2.0/org.apache.sling.fsresource-2.2.0.jar:/home/wbj-000244/.m2/repository/org/apache/geronimo/specs/geronimo-atinject_1.0_spec/1.0/geronimo-atinject_1.0_spec-1.0.jar:/home/wbj-000244/.m2/repository/org/apache/geronimo/specs/geronimo-json_1.1_spec/1.0/geronimo-json_1.1_spec-1.0.jar:/home/wbj-000244/.m2/repository/org/apache/sling/org.apache.sling.testing.resourceresolver-mock/1.4.0/org.apache.sling.testing.resourceresolver-mock-1.4.0.jar:/home/wbj-000244/.m2/repository/org/apache/sling/org.apache.sling.servlet-helpers/1.4.2/org.apache.sling.servlet-helpers-1.4.2.jar:/home/wbj-000244/.m2/repository/org/apache/jackrabbit/vault/org.apache.jackrabbit.vault/3.2.8/org.apache.jackrabbit.vault-3.2.8.jar:/home/wbj-000244/.m2/repository/org/apache/commons/commons-imaging/1.0-alpha1/commons-imaging-1.0-alpha1.jar:/home/wbj-000244/.m2/repository/javax/servlet/jsp/jsp-api/2.1/jsp-api-2.1.jar:/home/wbj-000244/.m2/repository/com/day/commons/day-commons-gfx/2.1.28/day-commons-gfx-2.1.28.jar:/home/wbj-000244/.m2/repository/com/day/commons/day-commons-any/2.0.0/day-commons-any-2.0.0.jar:/home/wbj-000244/.m2/repository/com/day/commons/day-commons-text/1.1.3/day-commons-text-1.1.3.jar:/home/wbj-000244/.m2/repository/org/apache/sling/org.apache.sling.testing.hamcrest/1.0.2/org.apache.sling.testing.hamcrest-1.0.2.jar:/home/wbj-000244/.m2/repository/org/hamcrest/hamcrest-library/1.3/hamcrest-library-1.3.jar:/home/wbj-000244/.m2/repository/org/hamcrest/hamcrest-core/1.3/hamcrest-core-1.3.jar:/home/wbj-000244/.m2/repository/org/apache/sling/org.apache.sling.xss/2.2.6/org.apache.sling.xss-2.2.6.jar:/home/wbj-000244/.m2/repository/org/apache/sling/org.apache.sling.testing.caconfig-mock-plugin/1.4.0/org.apache.sling.testing.caconfig-mock-plugin-1.4.0.jar:/home/wbj-000244/.m2/repository/org/apache/sling/org.apache.sling.caconfig.api/1.1.0/org.apache.sling.caconfig.api-1.1.0.jar:/home/wbj-000244/.m2/repository/org/apache/sling/org.apache.sling.caconfig.spi/1.3.0/org.apache.sling.caconfig.spi-1.3.0.jar:/home/wbj-000244/.m2/repository/org/apache/sling/org.apache.sling.caconfig.impl/1.4.0/org.apache.sling.caconfig.impl-1.4.0.jar:/home/wbj-000244/.m2/repository/com/adobe/cq/core.wcm.components.testing.aem-mock-plugin/2.22.12/core.wcm.components.testing.aem-mock-plugin-2.22.12.jar:/home/wbj-000244/.m2/repository/org/apache/sling/org.apache.sling.models.impl/1.4.4/org.apache.sling.models.impl-1.4.4.jar:/home/wbj-000244/.m2/repository/commons-beanutils/commons-beanutils/1.8.3/commons-beanutils-1.8.3.jar:/home/wbj-000244/.m2/repository/commons-logging/commons-logging/1.1.1/commons-logging-1.1.1.jar:"/>
    <property name="sun.cpu.endian" value="little"/>
    <property name="user.home" value="/home/wbj-000244"/>
    <property name="user.language" value="en"/>
    <property name="java.specification.vendor" value="Oracle Corporation"/>
    <property name="java.version.date" value="2021-07-20"/>
    <property name="java.home" value="/home/wbj-000244/.sdkman/candidates/java/11.0.12-open"/>
    <property name="file.separator" value="/"/>
    <property name="basedir" value="/home/wbj-000244/aemprojects/trilha_03/core"/>
    <property name="java.vm.compressedOopsMode" value="Zero based"/>
    <property name="line.separator" value="&#10;"/>
    <property name="java.specification.name" value="Java Platform API Specification"/>
    <property name="java.vm.specification.vendor" value="Oracle Corporation"/>
    <property name="java.awt.graphicsenv" value="sun.awt.X11GraphicsEnvironment"/>
    <property name="sun.management.compiler" value="HotSpot 64-Bit Tiered Compilers"/>
    <property name="java.runtime.version" value="11.0.12+7"/>
    <property name="user.name" value="wbj-000244"/>
    <property name="path.separator" value=":"/>
    <property name="os.version" value="5.15.0-89-generic"/>
    <property name="java.runtime.name" value="OpenJDK Runtime Environment"/>
    <property name="file.encoding" value="UTF-8"/>
    <property name="java.vm.name" value="OpenJDK 64-Bit Server VM"/>
    <property name="java.vendor.version" value="18.9"/>
    <property name="localRepository" value="/home/wbj-000244/.m2/repository"/>
    <property name="java.vendor.url.bug" value="https://bugreport.java.com/bugreport/"/>
    <property name="java.io.tmpdir" value="/tmp"/>
    <property name="java.version" value="11.0.12"/>
    <property name="user.dir" value="/home/wbj-000244/aemprojects/trilha_03/core"/>
    <property name="os.arch" value="amd64"/>
    <property name="java.vm.specification.name" value="Java Virtual Machine Specification"/>
    <property name="java.awt.printerjob" value="sun.print.PSPrinterJob"/>
    <property name="user.language.format" value="pt"/>
    <property name="sun.os.patch.level" value="unknown"/>
    <property name="java.library.path" value="/usr/java/packages/lib:/usr/lib64:/lib64:/lib:/usr/lib"/>
    <property name="java.vm.info" value="mixed mode"/>
    <property name="java.vendor" value="Oracle Corporation"/>
    <property name="java.vm.version" value="11.0.12+7"/>
    <property name="sun.io.unicode.encoding" value="UnicodeLittle"/>
    <property name="java.class.version" value="55.0"/>
  </properties>
  <testcase name="handleEvent" classname="com.trilha03.core.listeners.SimpleResourceListenerTest" time="0"/>
</testsuite>